  ViewSplitScreenMiniMap.cpp
C:\Users\tadhg\Desktop\College\Second-Year\Motion-Graphics\Labs\Lab-9-SplitScreen\Lab-9-SplitScreen\Lab-9-SplitScreen\ViewSplitScreenMiniMap.cpp(47,65): warning C4244: 'argument': conversion from 'T' to 'float', possible loss of data
          with
          [
              T=unsigned int
          ]
C:\Users\tadhg\Desktop\College\Second-Year\Motion-Graphics\Labs\Lab-9-SplitScreen\Lab-9-SplitScreen\Lab-9-SplitScreen\ViewSplitScreenMiniMap.cpp(47,41): warning C4244: 'argument': conversion from 'T' to 'float', possible loss of data
          with
          [
              T=unsigned int
          ]
C:\Users\tadhg\Desktop\College\Second-Year\Motion-Graphics\Labs\Lab-9-SplitScreen\Lab-9-SplitScreen\Lab-9-SplitScreen\ViewSplitScreenMiniMap.cpp(51,65): warning C4244: 'argument': conversion from 'T' to 'float', possible loss of data
          with
          [
              T=unsigned int
          ]
C:\Users\tadhg\Desktop\College\Second-Year\Motion-Graphics\Labs\Lab-9-SplitScreen\Lab-9-SplitScreen\Lab-9-SplitScreen\ViewSplitScreenMiniMap.cpp(51,41): warning C4244: 'argument': conversion from 'T' to 'float', possible loss of data
          with
          [
              T=unsigned int
          ]
ViewSplitScreenMiniMap.obj : error LNK2019: unresolved external symbol "__declspec(dllimport) public: __cdecl sf::String::String(char const *,class std::locale const &)" (__imp_??0String@sf@@QEAA@PEBDAEBVlocale@std@@@Z) referenced in function main
ViewSplitScreenMiniMap.obj : error LNK2019: unresolved external symbol "__declspec(dllimport) public: __cdecl sf::String::~String(void)" (__imp_??1String@sf@@QEAA@XZ) referenced in function main
ViewSplitScreenMiniMap.obj : error LNK2019: unresolved external symbol "__declspec(dllimport) public: static bool __cdecl sf::Keyboard::isKeyPressed(enum sf::Keyboard::Key)" (__imp_?isKeyPressed@Keyboard@sf@@SA_NW4Key@12@@Z) referenced in function main
ViewSplitScreenMiniMap.obj : error LNK2019: unresolved external symbol "__declspec(dllimport) public: __cdecl sf::VideoMode::VideoMode(unsigned int,unsigned int,unsigned int)" (__imp_??0VideoMode@sf@@QEAA@III@Z) referenced in function main
ViewSplitScreenMiniMap.obj : error LNK2019: unresolved external symbol "__declspec(dllimport) public: void __cdecl sf::Window::close(void)" (__imp_?close@Window@sf@@QEAAXXZ) referenced in function main
ViewSplitScreenMiniMap.obj : error LNK2019: unresolved external symbol "__declspec(dllimport) public: bool __cdecl sf::Window::isOpen(void)const " (__imp_?isOpen@Window@sf@@QEBA_NXZ) referenced in function main
ViewSplitScreenMiniMap.obj : error LNK2019: unresolved external symbol "__declspec(dllimport) public: bool __cdecl sf::Window::pollEvent(class sf::Event &)" (__imp_?pollEvent@Window@sf@@QEAA_NAEAVEvent@2@@Z) referenced in function main
ViewSplitScreenMiniMap.obj : error LNK2019: unresolved external symbol "__declspec(dllimport) public: void __cdecl sf::Window::setFramerateLimit(unsigned int)" (__imp_?setFramerateLimit@Window@sf@@QEAAXI@Z) referenced in function main
ViewSplitScreenMiniMap.obj : error LNK2019: unresolved external symbol "__declspec(dllimport) public: void __cdecl sf::Window::display(void)" (__imp_?display@Window@sf@@QEAAXXZ) referenced in function main
ViewSplitScreenMiniMap.obj : error LNK2019: unresolved external symbol "__declspec(dllimport) public: void __cdecl sf::Transformable::setPosition(float,float)" (__imp_?setPosition@Transformable@sf@@QEAAXMM@Z) referenced in function main
ViewSplitScreenMiniMap.obj : error LNK2019: unresolved external symbol "__declspec(dllimport) public: void __cdecl sf::Transformable::setPosition(class sf::Vector2<float> const &)" (__imp_?setPosition@Transformable@sf@@QEAAXAEBV?$Vector2@M@2@@Z) referenced in function main
ViewSplitScreenMiniMap.obj : error LNK2019: unresolved external symbol "__declspec(dllimport) public: void __cdecl sf::Transformable::setScale(float,float)" (__imp_?setScale@Transformable@sf@@QEAAXMM@Z) referenced in function main
ViewSplitScreenMiniMap.obj : error LNK2019: unresolved external symbol "__declspec(dllimport) public: void __cdecl sf::Transformable::setOrigin(float,float)" (__imp_?setOrigin@Transformable@sf@@QEAAXMM@Z) referenced in function main
ViewSplitScreenMiniMap.obj : error LNK2019: unresolved external symbol "__declspec(dllimport) public: class sf::Vector2<float> const & __cdecl sf::Transformable::getPosition(void)const " (__imp_?getPosition@Transformable@sf@@QEBAAEBV?$Vector2@M@2@XZ) referenced in function main
ViewSplitScreenMiniMap.obj : error LNK2019: unresolved external symbol "__declspec(dllimport) public: void __cdecl sf::Transformable::move(float,float)" (__imp_?move@Transformable@sf@@QEAAXMM@Z) referenced in function main
ViewSplitScreenMiniMap.obj : error LNK2019: unresolved external symbol "__declspec(dllimport) public: __cdecl sf::Color::Color(unsigned char,unsigned char,unsigned char,unsigned char)" (__imp_??0Color@sf@@QEAA@EEEE@Z) referenced in function main
ViewSplitScreenMiniMap.obj : error LNK2019: unresolved external symbol "__declspec(dllimport) public: void __cdecl sf::Shape::setFillColor(class sf::Color const &)" (__imp_?setFillColor@Shape@sf@@QEAAXAEBVColor@2@@Z) referenced in function main
ViewSplitScreenMiniMap.obj : error LNK2019: unresolved external symbol "__declspec(dllimport) public: __cdecl sf::Texture::Texture(void)" (__imp_??0Texture@sf@@QEAA@XZ) referenced in function main
ViewSplitScreenMiniMap.obj : error LNK2019: unresolved external symbol "__declspec(dllimport) public: __cdecl sf::Texture::~Texture(void)" (__imp_??1Texture@sf@@QEAA@XZ) referenced in function main
ViewSplitScreenMiniMap.obj : error LNK2019: unresolved external symbol "__declspec(dllimport) public: bool __cdecl sf::Texture::loadFromFile(class std::basic_string<char,struct std::char_traits<char>,class std::allocator<char> > const &,class sf::Rect<int> const &)" (__imp_?loadFromFile@Texture@sf@@QEAA_NAEBV?$basic_string@DU?$char_traits@D@std@@V?$allocator@D@2@@std@@AEBV?$Rect@H@2@@Z) referenced in function main
ViewSplitScreenMiniMap.obj : error LNK2019: unresolved external symbol "__declspec(dllimport) public: __cdecl sf::RectangleShape::RectangleShape(class sf::Vector2<float> const &)" (__imp_??0RectangleShape@sf@@QEAA@AEBV?$Vector2@M@1@@Z) referenced in function main
ViewSplitScreenMiniMap.obj : error LNK2019: unresolved external symbol "__declspec(dllimport) public: void __cdecl sf::RectangleShape::setSize(class sf::Vector2<float> const &)" (__imp_?setSize@RectangleShape@sf@@QEAAXAEBV?$Vector2@M@2@@Z) referenced in function main
ViewSplitScreenMiniMap.obj : error LNK2019: unresolved external symbol "__declspec(dllimport) public: virtual __cdecl sf::RectangleShape::~RectangleShape(void)" (__imp_??1RectangleShape@sf@@UEAA@XZ) referenced in function main
ViewSplitScreenMiniMap.obj : error LNK2019: unresolved external symbol "__declspec(dllimport) public: __cdecl sf::View::View(class sf::Rect<float> const &)" (__imp_??0View@sf@@QEAA@AEBV?$Rect@M@1@@Z) referenced in function main
ViewSplitScreenMiniMap.obj : error LNK2019: unresolved external symbol "__declspec(dllimport) public: void __cdecl sf::View::setCenter(class sf::Vector2<float> const &)" (__imp_?setCenter@View@sf@@QEAAXAEBV?$Vector2@M@2@@Z) referenced in function main
ViewSplitScreenMiniMap.obj : error LNK2019: unresolved external symbol "__declspec(dllimport) public: void __cdecl sf::View::setViewport(class sf::Rect<float> const &)" (__imp_?setViewport@View@sf@@QEAAXAEBV?$Rect@M@2@@Z) referenced in function main
ViewSplitScreenMiniMap.obj : error LNK2019: unresolved external symbol "__declspec(dllimport) public: class sf::Vector2<float> const & __cdecl sf::View::getCenter(void)const " (__imp_?getCenter@View@sf@@QEBAAEBV?$Vector2@M@2@XZ) referenced in function main
ViewSplitScreenMiniMap.obj : error LNK2019: unresolved external symbol "__declspec(dllimport) public: class sf::Vector2<float> const & __cdecl sf::View::getSize(void)const " (__imp_?getSize@View@sf@@QEBAAEBV?$Vector2@M@2@XZ) referenced in function main
ViewSplitScreenMiniMap.obj : error LNK2019: unresolved external symbol "__declspec(dllimport) public: class sf::Rect<float> const & __cdecl sf::View::getViewport(void)const " (__imp_?getViewport@View@sf@@QEBAAEBV?$Rect@M@2@XZ) referenced in function main
ViewSplitScreenMiniMap.obj : error LNK2019: unresolved external symbol "__declspec(dllimport) public: void __cdecl sf::View::zoom(float)" (__imp_?zoom@View@sf@@QEAAXM@Z) referenced in function main
ViewSplitScreenMiniMap.obj : error LNK2019: unresolved external symbol "__declspec(dllimport) public: void __cdecl sf::RenderTarget::clear(class sf::Color const &)" (__imp_?clear@RenderTarget@sf@@QEAAXAEBVColor@2@@Z) referenced in function main
ViewSplitScreenMiniMap.obj : error LNK2019: unresolved external symbol "__declspec(dllimport) public: void __cdecl sf::RenderTarget::setView(class sf::View const &)" (__imp_?setView@RenderTarget@sf@@QEAAXAEBVView@2@@Z) referenced in function main
ViewSplitScreenMiniMap.obj : error LNK2019: unresolved external symbol "__declspec(dllimport) public: class sf::View const & __cdecl sf::RenderTarget::getView(void)const " (__imp_?getView@RenderTarget@sf@@QEBAAEBVView@2@XZ) referenced in function main
ViewSplitScreenMiniMap.obj : error LNK2019: unresolved external symbol "__declspec(dllimport) public: void __cdecl sf::RenderTarget::draw(class sf::Drawable const &,class sf::RenderStates const &)" (__imp_?draw@RenderTarget@sf@@QEAAXAEBVDrawable@2@AEBVRenderStates@2@@Z) referenced in function main
ViewSplitScreenMiniMap.obj : error LNK2019: unresolved external symbol "__declspec(dllimport) public: __cdecl sf::RenderWindow::RenderWindow(class sf::VideoMode,class sf::String const &,unsigned int,struct sf::ContextSettings const &)" (__imp_??0RenderWindow@sf@@QEAA@VVideoMode@1@AEBVString@1@IAEBUContextSettings@1@@Z) referenced in function main
ViewSplitScreenMiniMap.obj : error LNK2019: unresolved external symbol "__declspec(dllimport) public: virtual __cdecl sf::RenderWindow::~RenderWindow(void)" (__imp_??1RenderWindow@sf@@UEAA@XZ) referenced in function main
ViewSplitScreenMiniMap.obj : error LNK2019: unresolved external symbol "__declspec(dllimport) public: virtual class sf::Vector2<unsigned int> __cdecl sf::RenderWindow::getSize(void)const " (__imp_?getSize@RenderWindow@sf@@UEBA?AV?$Vector2@I@2@XZ) referenced in function main
ViewSplitScreenMiniMap.obj : error LNK2019: unresolved external symbol "__declspec(dllimport) public: __cdecl sf::Sprite::Sprite(class sf::Texture const &)" (__imp_??0Sprite@sf@@QEAA@AEBVTexture@1@@Z) referenced in function main
ViewSplitScreenMiniMap.obj : error LNK2019: unresolved external symbol "__declspec(dllimport) public: virtual __cdecl sf::Sprite::~Sprite(void)" (__imp_??1Sprite@sf@@UEAA@XZ) referenced in function main
ViewSplitScreenMiniMap.obj : error LNK2019: unresolved external symbol "__declspec(dllimport) public: static class sf::RenderStates const sf::RenderStates::Default" (__imp_?Default@RenderStates@sf@@2V12@B) referenced in function main
C:\SFML-2.5.1\lib\sfml-graphics-d.lib : warning LNK4272: library machine type 'x86' conflicts with target machine type 'x64'
C:\SFML-2.5.1\lib\sfml-audio-d.lib : warning LNK4272: library machine type 'x86' conflicts with target machine type 'x64'
C:\SFML-2.5.1\lib\sfml-system-d.lib : warning LNK4272: library machine type 'x86' conflicts with target machine type 'x64'
C:\SFML-2.5.1\lib\sfml-window-d.lib : warning LNK4272: library machine type 'x86' conflicts with target machine type 'x64'
C:\SFML-2.5.1\lib\sfml-network-d.lib : warning LNK4272: library machine type 'x86' conflicts with target machine type 'x64'
C:\Users\tadhg\Desktop\College\Second-Year\Motion-Graphics\Labs\Lab-9-SplitScreen\Lab-9-SplitScreen\x64\Debug\Lab-9-SplitScreen.exe : fatal error LNK1120: 40 unresolved externals
